# JRE version: Java(TM) SE Runtime Environment (8.0_144-b01) (build 1.8.0_144-b01)
# Java VM: Java HotSpot(TM) 64-Bit Server VM (25.144-b01 mixed mode bsd-amd64 compressed oops)
Heap:
 PSYoungGen      total 38400K, used 6021K [0x0000000795580000, 0x0000000798000000, 0x00000007c0000000)
  eden space 33280K, 9% used [0x0000000795580000,0x00000007958929b8,0x0000000797600000)
  from space 5120K, 56% used [0x0000000797b00000,0x0000000797dcec70,0x0000000798000000)
  to   space 5120K, 0% used [0x0000000797600000,0x0000000797600000,0x0000000797b00000)
 ParOldGen       total 87552K, used 6887K [0x0000000740000000, 0x0000000745580000, 0x0000000795580000)
  object space 87552K, 7% used [0x0000000740000000,0x00000007406b9e30,0x0000000745580000)
 Metaspace       used 9198K, capacity 9484K, committed 9728K, reserved 1058816K
  class space    used 1125K, capacity 1230K, committed 1280K, reserved 1048576K
GC Heap History (8 events):
Event: 6.865 GC heap before
{Heap before GC invocations=1 (full 0):
 PSYoungGen      total 38400K, used 32321K [0x0000000795580000, 0x0000000798000000, 0x00000007c0000000)
  eden space 33280K, 97% used [0x0000000795580000,0x00000007975105a8,0x0000000797600000)
  from space 5120K, 0% used [0x0000000797b00000,0x0000000797b00000,0x0000000798000000)
  to   space 5120K, 0% used [0x0000000797600000,0x0000000797600000,0x0000000797b00000)
 ParOldGen       total 87552K, used 0K [0x0000000740000000, 0x0000000745580000, 0x0000000795580000)
  object space 87552K, 0% used [0x0000000740000000,0x0000000740000000,0x0000000745580000)
 Metaspace       used 8962K, capacity 9184K, committed 9472K, reserved 1056768K
  class space    used 1096K, capacity 1198K, committed 1280K, reserved 1048576K
Event: 6.875 GC heap after
Heap after GC invocations=1 (full 0):
 PSYoungGen      total 38400K, used 4246K [0x0000000795580000, 0x0000000798000000, 0x00000007c0000000)
  eden space 33280K, 0% used [0x0000000795580000,0x0000000795580000,0x0000000797600000)
  from space 5120K, 82% used [0x0000000797600000,0x0000000797a25900,0x0000000797b00000)
  to   space 5120K, 0% used [0x0000000797b00000,0x0000000797b00000,0x0000000798000000)
 ParOldGen       total 87552K, used 1379K [0x0000000740000000, 0x0000000745580000, 0x0000000795580000)
  object space 87552K, 1% used [0x0000000740000000,0x0000000740158c70,0x0000000745580000)
 Metaspace       used 8962K, capacity 9184K, committed 9472K, reserved 1056768K
  class space    used 1096K, capacity 1198K, committed 1280K, reserved 1048576K
}
Event: 9.812 GC heap before
{Heap before GC invocations=2 (full 0):
 PSYoungGen      total 38400K, used 36969K [0x0000000795580000, 0x0000000798000000, 0x00000007c0000000)
  eden space 33280K, 98% used [0x0000000795580000,0x0000000797574e70,0x0000000797600000)
  from space 5120K, 82% used [0x0000000797600000,0x0000000797a25900,0x0000000797b00000)
  to   space 5120K, 0% used [0x0000000797b00000,0x0000000797b00000,0x0000000798000000)
 ParOldGen       total 87552K, used 1379K [0x0000000740000000, 0x0000000745580000, 0x0000000795580000)
  object space 87552K, 1% used [0x0000000740000000,0x0000000740158c70,0x0000000745580000)
 Metaspace       used 8978K, capacity 9248K, committed 9472K, reserved 1056768K
  class space    used 1096K, capacity 1198K, committed 1280K, reserved 1048576K
Event: 9.819 GC heap after
Heap after GC invocations=2 (full 0):
 PSYoungGen      total 38400K, used 4198K [0x0000000795580000, 0x0000000798000000, 0x00000007c0000000)
  eden space 33280K, 0% used [0x0000000795580000,0x0000000795580000,0x0000000797600000)
  from space 5120K, 81% used [0x0000000797b00000,0x0000000797f198f0,0x0000000798000000)
  to   space 5120K, 0% used [0x0000000797600000,0x0000000797600000,0x0000000797b00000)
 ParOldGen       total 87552K, used 2758K [0x0000000740000000, 0x0000000745580000, 0x0000000795580000)
  object space 87552K, 3% used [0x0000000740000000,0x00000007402b18e0,0x0000000745580000)
 Metaspace       used 8978K, capacity 9248K, committed 9472K, reserved 1056768K
  class space    used 1096K, capacity 1198K, committed 1280K, reserved 1048576K
}
Event: 14.289 GC heap before
{Heap before GC invocations=3 (full 0):
 PSYoungGen      total 38400K, used 37478K [0x0000000795580000, 0x0000000798000000, 0x00000007c0000000)
  eden space 33280K, 100% used [0x0000000795580000,0x0000000797600000,0x0000000797600000)
  from space 5120K, 81% used [0x0000000797b00000,0x0000000797f198f0,0x0000000798000000)
  to   space 5120K, 0% used [0x0000000797600000,0x0000000797600000,0x0000000797b00000)
 ParOldGen       total 87552K, used 2758K [0x0000000740000000, 0x0000000745580000, 0x0000000795580000)
  object space 87552K, 3% used [0x0000000740000000,0x00000007402b18e0,0x0000000745580000)
 Metaspace       used 8998K, capacity 9248K, committed 9472K, reserved 1056768K
  class space    used 1096K, capacity 1198K, committed 1280K, reserved 1048576K
Event: 14.296 GC heap after
Heap after GC invocations=3 (full 0):
 PSYoungGen      total 38400K, used 4278K [0x0000000795580000, 0x0000000798000000, 0x00000007c0000000)
  eden space 33280K, 0% used [0x0000000795580000,0x0000000795580000,0x0000000797600000)
  from space 5120K, 83% used [0x0000000797600000,0x0000000797a2d8e0,0x0000000797b00000)
  to   space 5120K, 0% used [0x0000000797b00000,0x0000000797b00000,0x0000000798000000)
 ParOldGen       total 87552K, used 6879K [0x0000000740000000, 0x0000000745580000, 0x0000000795580000)
  object space 87552K, 7% used [0x0000000740000000,0x00000007406b7e30,0x0000000745580000)
 Metaspace       used 8998K, capacity 9248K, committed 9472K, reserved 1056768K
  class space    used 1096K, capacity 1198K, committed 1280K, reserved 1048576K
}
Event: 1303.254 GC heap before
{Heap before GC invocations=4 (full 0):
 PSYoungGen      total 38400K, used 36414K [0x0000000795580000, 0x0000000798000000, 0x00000007c0000000)
  eden space 33280K, 96% used [0x0000000795580000,0x00000007974e22e8,0x0000000797600000)
  from space 5120K, 83% used [0x0000000797600000,0x0000000797a2d8e0,0x0000000797b00000)
  to   space 5120K, 0% used [0x0000000797b00000,0x0000000797b00000,0x0000000798000000)
 ParOldGen       total 87552K, used 6879K [0x0000000740000000, 0x0000000745580000, 0x0000000795580000)
  object space 87552K, 7% used [0x0000000740000000,0x00000007406b7e30,0x0000000745580000)
 Metaspace       used 9194K, capacity 9476K, committed 9728K, reserved 1058816K
  class space    used 1125K, capacity 1230K, committed 1280K, reserved 1048576K
Event: 1303.267 GC heap after
Heap after GC invocations=4 (full 0):
 PSYoungGen      total 38400K, used 2875K [0x0000000795580000, 0x0000000798000000, 0x00000007c0000000)
  eden space 33280K, 0% used [0x0000000795580000,0x0000000795580000,0x0000000797600000)
  from space 5120K, 56% used [0x0000000797b00000,0x0000000797dcec70,0x0000000798000000)
  to   space 5120K, 0% used [0x0000000797600000,0x0000000797600000,0x0000000797b00000)
 ParOldGen       total 87552K, used 6887K [0x0000000740000000, 0x0000000745580000, 0x0000000795580000)
  object space 87552K, 7% used [0x0000000740000000,0x00000007406b9e30,0x0000000745580000)
 Metaspace       used 9194K, capacity 9476K, committed 9728K, reserved 1058816K
  class space    used 1125K, capacity 1230K, committed 1280K, reserved 1048576K
}

